<?xml version="1.0" encoding="UTF-8"?>
<!-- Generated by org.testng.reporters.JUnitXMLReporter -->
<testsuite hostname="User-PC" ignored="0" name="Test on emulator" tests="3" failures="2" timestamp="24 Sep 2018 11:27:57 GMT" time="69.732" errors="0">
  <testcase name="radioGroup" time="14.936" classname="com.apidemo.testCases.TestApi"/>
  <testcase name="animations" time="15.75" classname="com.apidemo.testCases.TestApi">
    <failure type="org.openqa.selenium.TimeoutException" message="Expected condition failed: waiting for element to be clickable: Located by Locator map: 
- native content: &amp;quot;By.chained({By.xpath: //android.widget.TextView[@text=&amp;apos;Animation&amp;apos;]})&amp;quot; 
- html content: &amp;quot;by id or name &amp;quot;animations&amp;quot;&amp;quot; (tried for 15 second(s) with 500 MILLISECONDS interval)">
      <![CDATA[org.openqa.selenium.TimeoutException: Expected condition failed: waiting for element to be clickable: Located by Locator map: 
- native content: "By.chained({By.xpath: //android.widget.TextView[@text='Animation']})" 
- html content: "by id or name "animations"" (tried for 15 second(s) with 500 MILLISECONDS interval)
at org.openqa.selenium.support.ui.WebDriverWait.timeoutException(WebDriverWait.java:82)
at org.openqa.selenium.support.ui.FluentWait.until(FluentWait.java:231)
at com.apidemo.commonClasses.BasePage.clickOn(BasePage.java:34)
at com.apidemo.pagesClasses.Animations.clickOnAnimation(Animations.java:48)
at com.apidemo.testCases.TestApi.animations(TestApi.java:85)
at java.util.concurrent.FutureTask.run(Unknown Source)
at java.util.concurrent.ThreadPoolExecutor.runWorker(Unknown Source)
at java.util.concurrent.ThreadPoolExecutor$Worker.run(Unknown Source)
at java.lang.Thread.run(Unknown Source)
Caused by: org.openqa.selenium.NoSuchElementException: Can't locate an element by this strategy: Locator map: 
- native content: "By.chained({By.xpath: //android.widget.TextView[@text='Animation']})" 
- html content: "by id or name "animations""
at io.appium.java_client.pagefactory.AppiumElementLocator.findElement(AppiumElementLocator.java:102)
at io.appium.java_client.pagefactory.interceptors.InterceptorOfASingleElement.intercept(InterceptorOfASingleElement.java:61)
at io.appium.java_client.android.AndroidElement$$EnhancerByCGLIB$$b598166c.isDisplayed(<generated>)
at org.openqa.selenium.support.ui.ExpectedConditions.elementIfVisible(ExpectedConditions.java:301)
at org.openqa.selenium.support.ui.ExpectedConditions.access$100(ExpectedConditions.java:43)
at org.openqa.selenium.support.ui.ExpectedConditions$10.apply(ExpectedConditions.java:287)
at org.openqa.selenium.support.ui.ExpectedConditions$10.apply(ExpectedConditions.java:284)
at org.openqa.selenium.support.ui.ExpectedConditions$23.apply(ExpectedConditions.java:672)
at org.openqa.selenium.support.ui.ExpectedConditions$23.apply(ExpectedConditions.java:668)
at org.openqa.selenium.support.ui.FluentWait.until(FluentWait.java:208)
... 23 more
Caused by: org.openqa.selenium.TimeoutException: Expected condition failed: waiting for io.appium.java_client.pagefactory.AppiumElementLocator$WaitingFunction@485b767d (tried for 1 second(s) with 500 MILLISECONDS interval)
at org.openqa.selenium.support.ui.FluentWait.timeoutException(FluentWait.java:263)
at org.openqa.selenium.support.ui.FluentWait.until(FluentWait.java:231)
at io.appium.java_client.pagefactory.AppiumElementLocator.waitFor(AppiumElementLocator.java:76)
at io.appium.java_client.pagefactory.AppiumElementLocator.findElement(AppiumElementLocator.java:95)
... 32 more
Caused by: org.openqa.selenium.NoSuchElementException: Cannot locate an element using By.chained({By.xpath: //android.widget.TextView[@text='Animation']})
For documentation on this error, please visit: http://seleniumhq.org/exceptions/no_such_element.html
Build info: version: '3.6.0', revision: '6fbf3ec767', time: '2017-09-27T15:28:36.4Z'
System info: host: 'USER-PC', ip: '169.254.111.114', os.name: 'Windows 7', os.arch: 'amd64', os.version: '6.1', java.version: '1.8.0_144'
Driver info: driver.version: AndroidDriver
at io.appium.java_client.pagefactory.bys.builder.ByChained.findElement(ByChained.java:72)
at org.openqa.selenium.remote.RemoteWebDriver.findElement(RemoteWebDriver.java:363)
at io.appium.java_client.DefaultGenericMobileDriver.findElement(DefaultGenericMobileDriver.java:58)
at io.appium.java_client.AppiumDriver.findElement(AppiumDriver.java:1)
at io.appium.java_client.android.AndroidDriver.findElement(AndroidDriver.java:1)
at io.appium.java_client.pagefactory.bys.ContentMappedBy.findElement(ContentMappedBy.java:36)
at org.openqa.selenium.remote.RemoteWebDriver.findElement(RemoteWebDriver.java:363)
at io.appium.java_client.DefaultGenericMobileDriver.findElement(DefaultGenericMobileDriver.java:58)
at io.appium.java_client.AppiumDriver.findElement(AppiumDriver.java:1)
at io.appium.java_client.android.AndroidDriver.findElement(AndroidDriver.java:1)
at io.appium.java_client.pagefactory.AppiumElementLocator.lambda$0(AppiumElementLocator.java:96)
at io.appium.java_client.pagefactory.AppiumElementLocator$WaitingFunction.apply(AppiumElementLocator.java:150)
at io.appium.java_client.pagefactory.AppiumElementLocator$WaitingFunction.apply(AppiumElementLocator.java:1)
at org.openqa.selenium.support.ui.FluentWait.until(FluentWait.java:208)
... 34 more
... Removed 16 stack frames]]>
    </failure>
  </testcase> <!-- animations -->
  <testcase name="dragDrop" time="17.09" classname="com.apidemo.testCases.TestApi">
    <failure type="org.openqa.selenium.TimeoutException" message="Expected condition failed: waiting for element to be clickable: Located by Locator map: 
- native content: &amp;quot;By.chained({By.xpath: //android.widget.TextView[@text=&amp;apos;Drag and Drop&amp;apos;]})&amp;quot; 
- html content: &amp;quot;by id or name &amp;quot;dragAndDrop&amp;quot;&amp;quot; (tried for 15 second(s) with 500 MILLISECONDS interval)">
      <![CDATA[org.openqa.selenium.TimeoutException: Expected condition failed: waiting for element to be clickable: Located by Locator map: 
- native content: "By.chained({By.xpath: //android.widget.TextView[@text='Drag and Drop']})" 
- html content: "by id or name "dragAndDrop"" (tried for 15 second(s) with 500 MILLISECONDS interval)
at org.openqa.selenium.support.ui.WebDriverWait.timeoutException(WebDriverWait.java:82)
at org.openqa.selenium.support.ui.FluentWait.until(FluentWait.java:231)
at com.apidemo.commonClasses.BasePage.clickOn(BasePage.java:34)
at com.apidemo.pagesClasses.DragAndDrop.clickOnDragAndDrop(DragAndDrop.java:38)
at com.apidemo.testCases.TestApi.dragDrop(TestApi.java:96)
at java.util.concurrent.FutureTask.run(Unknown Source)
at java.util.concurrent.ThreadPoolExecutor.runWorker(Unknown Source)
at java.util.concurrent.ThreadPoolExecutor$Worker.run(Unknown Source)
at java.lang.Thread.run(Unknown Source)
Caused by: org.openqa.selenium.NoSuchElementException: Can't locate an element by this strategy: Locator map: 
- native content: "By.chained({By.xpath: //android.widget.TextView[@text='Drag and Drop']})" 
- html content: "by id or name "dragAndDrop""
at io.appium.java_client.pagefactory.AppiumElementLocator.findElement(AppiumElementLocator.java:102)
at io.appium.java_client.pagefactory.interceptors.InterceptorOfASingleElement.intercept(InterceptorOfASingleElement.java:61)
at io.appium.java_client.android.AndroidElement$$EnhancerByCGLIB$$b598166c.isDisplayed(<generated>)
at org.openqa.selenium.support.ui.ExpectedConditions.elementIfVisible(ExpectedConditions.java:301)
at org.openqa.selenium.support.ui.ExpectedConditions.access$100(ExpectedConditions.java:43)
at org.openqa.selenium.support.ui.ExpectedConditions$10.apply(ExpectedConditions.java:287)
at org.openqa.selenium.support.ui.ExpectedConditions$10.apply(ExpectedConditions.java:284)
at org.openqa.selenium.support.ui.ExpectedConditions$23.apply(ExpectedConditions.java:672)
at org.openqa.selenium.support.ui.ExpectedConditions$23.apply(ExpectedConditions.java:668)
at org.openqa.selenium.support.ui.FluentWait.until(FluentWait.java:208)
... 23 more
Caused by: org.openqa.selenium.TimeoutException: Expected condition failed: waiting for io.appium.java_client.pagefactory.AppiumElementLocator$WaitingFunction@7cb67ede (tried for 1 second(s) with 500 MILLISECONDS interval)
at org.openqa.selenium.support.ui.FluentWait.timeoutException(FluentWait.java:263)
at org.openqa.selenium.support.ui.FluentWait.until(FluentWait.java:231)
at io.appium.java_client.pagefactory.AppiumElementLocator.waitFor(AppiumElementLocator.java:76)
at io.appium.java_client.pagefactory.AppiumElementLocator.findElement(AppiumElementLocator.java:95)
... 32 more
Caused by: org.openqa.selenium.NoSuchElementException: Cannot locate an element using By.chained({By.xpath: //android.widget.TextView[@text='Drag and Drop']})
For documentation on this error, please visit: http://seleniumhq.org/exceptions/no_such_element.html
Build info: version: '3.6.0', revision: '6fbf3ec767', time: '2017-09-27T15:28:36.4Z'
System info: host: 'USER-PC', ip: '169.254.111.114', os.name: 'Windows 7', os.arch: 'amd64', os.version: '6.1', java.version: '1.8.0_144'
Driver info: driver.version: AndroidDriver
at io.appium.java_client.pagefactory.bys.builder.ByChained.findElement(ByChained.java:72)
at org.openqa.selenium.remote.RemoteWebDriver.findElement(RemoteWebDriver.java:363)
at io.appium.java_client.DefaultGenericMobileDriver.findElement(DefaultGenericMobileDriver.java:58)
at io.appium.java_client.AppiumDriver.findElement(AppiumDriver.java:1)
at io.appium.java_client.android.AndroidDriver.findElement(AndroidDriver.java:1)
at io.appium.java_client.pagefactory.bys.ContentMappedBy.findElement(ContentMappedBy.java:36)
at org.openqa.selenium.remote.RemoteWebDriver.findElement(RemoteWebDriver.java:363)
at io.appium.java_client.DefaultGenericMobileDriver.findElement(DefaultGenericMobileDriver.java:58)
at io.appium.java_client.AppiumDriver.findElement(AppiumDriver.java:1)
at io.appium.java_client.android.AndroidDriver.findElement(AndroidDriver.java:1)
at io.appium.java_client.pagefactory.AppiumElementLocator.lambda$0(AppiumElementLocator.java:96)
at io.appium.java_client.pagefactory.AppiumElementLocator$WaitingFunction.apply(AppiumElementLocator.java:150)
at io.appium.java_client.pagefactory.AppiumElementLocator$WaitingFunction.apply(AppiumElementLocator.java:1)
at org.openqa.selenium.support.ui.FluentWait.until(FluentWait.java:208)
... 34 more
... Removed 16 stack frames]]>
    </failure>
  </testcase> <!-- dragDrop -->
</testsuite> <!-- Test on emulator -->
