<?xml version="1.0" encoding="UTF-8"?>
<!-- Generated by org.testng.reporters.JUnitXMLReporter -->
<testsuite hostname="User-PC" ignored="0" name="Test on real device" tests="3" failures="0" timestamp="24 Sep 2018 11:28:08 GMT" time="80.411" errors="0">
  <testcase name="radioGroup" time="13.904" classname="com.apidemo.testCases.TestApi"/>
  <testcase name="animations" time="35.639" classname="com.apidemo.testCases.TestApi"/>
  <testcase name="dragDrop" time="3.623" classname="com.apidemo.testCases.TestApi"/>
</testsuite> <!-- Test on real device -->
